android/app/build/intermediates/manifest_merge_blame_file/debug/manifest-merger-blame-debug-report.txt
1<?xml version="1.0" encoding="utf-8"?>
2<manifest xmlns:android="http://schemas.android.com/apk/res/android"
3    package="com.example.dragonsuite"
4    android:versionCode="52"
5    android:versionName="2.0.0" >
6
7    <uses-sdk
8        android:minSdkVersion="24"
9        android:targetSdkVersion="34" />
10
11    <uses-permission android:name="android.permission.INTERNET" />
11-->src\main\AndroidManifest.xml:4:5-67
11-->src\main\AndroidManifest.xml:4:22-64
12    <uses-permission android:name="android.permission.READ_EXTERNAL_STORAGE" />
12-->src\main\AndroidManifest.xml:5:5-80
12-->src\main\AndroidManifest.xml:5:22-77
13    <uses-permission android:name="android.permission.WRITE_EXTERNAL_STORAGE" />
13-->src\main\AndroidManifest.xml:6:5-81
13-->src\main\AndroidManifest.xml:6:22-78
14    <uses-permission android:name="android.permission.FOREGROUND_SERVICE" />
14-->src\main\AndroidManifest.xml:7:5-77
14-->src\main\AndroidManifest.xml:7:22-74
15    <uses-permission android:name="android.permission.POST_NOTIFICATIONS" />
15-->src\main\AndroidManifest.xml:8:5-77
15-->src\main\AndroidManifest.xml:8:22-74
16    <uses-permission android:name="android.permission.ACCESS_NETWORK_STATE" />
16-->[com.google.firebase:firebase-messaging:23.4.0] AndroidManifest.xml:22:5-79
16-->[com.google.firebase:firebase-messaging:23.4.0] AndroidManifest.xml:22:22-76
17    <uses-permission android:name="android.permission.WAKE_LOCK" /> <!-- Required by older versions of Google Play services to create IID tokens -->
17-->[com.google.firebase:firebase-messaging:23.4.0] AndroidManifest.xml:24:5-68
17-->[com.google.firebase:firebase-messaging:23.4.0] AndroidManifest.xml:24:22-65
18    <uses-permission android:name="com.google.android.c2dm.permission.RECEIVE" />
18-->[com.google.firebase:firebase-messaging:23.4.0] AndroidManifest.xml:26:5-82
18-->[com.google.firebase:firebase-messaging:23.4.0] AndroidManifest.xml:26:22-79
19    <uses-permission android:name="com.google.android.finsky.permission.BIND_GET_INSTALL_REFERRER_SERVICE" />
19-->[com.google.android.gms:play-services-measurement:21.5.0] AndroidManifest.xml:26:5-110
19-->[com.google.android.gms:play-services-measurement:21.5.0] AndroidManifest.xml:26:22-107
20    <uses-permission android:name="com.google.android.gms.permission.AD_ID" />
20-->[com.google.android.gms:play-services-measurement-api:21.5.0] AndroidManifest.xml:25:5-79
20-->[com.google.android.gms:play-services-measurement-api:21.5.0] AndroidManifest.xml:25:22-76
21    <uses-permission android:name="android.permission.ACCESS_ADSERVICES_ATTRIBUTION" />
21-->[com.google.android.gms:play-services-measurement-api:21.5.0] AndroidManifest.xml:26:5-88
21-->[com.google.android.gms:play-services-measurement-api:21.5.0] AndroidManifest.xml:26:22-85
22    <uses-permission android:name="android.permission.ACCESS_ADSERVICES_AD_ID" />
22-->[com.google.android.gms:play-services-measurement-api:21.5.0] AndroidManifest.xml:27:5-82
22-->[com.google.android.gms:play-services-measurement-api:21.5.0] AndroidManifest.xml:27:22-79
23    <uses-permission android:name="android.permission.RECEIVE_BOOT_COMPLETED" />
23-->[androidx.work:work-runtime:2.9.0] AndroidManifest.xml:25:5-81
23-->[androidx.work:work-runtime:2.9.0] AndroidManifest.xml:25:22-78
24
25    <permission
25-->[androidx.core:core:1.12.0] AndroidManifest.xml:22:5-24:47
26        android:name="com.example.dragonsuite.DYNAMIC_RECEIVER_NOT_EXPORTED_PERMISSION"
26-->[androidx.core:core:1.12.0] AndroidManifest.xml:23:9-81
27        android:protectionLevel="signature" />
27-->[androidx.core:core:1.12.0] AndroidManifest.xml:24:9-44
28
29    <uses-permission android:name="com.example.dragonsuite.DYNAMIC_RECEIVER_NOT_EXPORTED_PERMISSION" />
29-->[androidx.core:core:1.12.0] AndroidManifest.xml:26:5-97
29-->[androidx.core:core:1.12.0] AndroidManifest.xml:26:22-94
30
31    <application
31-->src\main\AndroidManifest.xml:10:5-53:19
32        android:allowBackup="true"
32-->src\main\AndroidManifest.xml:11:9-35
33        android:appComponentFactory="androidx.core.app.CoreComponentFactory"
33-->[androidx.core:core:1.12.0] AndroidManifest.xml:28:18-86
34        android:debuggable="true"
35        android:extractNativeLibs="false"
36        android:label="@string/app_name"
36-->src\main\AndroidManifest.xml:12:9-41
37        android:supportsRtl="true"
37-->src\main\AndroidManifest.xml:13:9-35
38        android:theme="@style/AppTheme" >
38-->src\main\AndroidManifest.xml:14:9-40
39        <service
39-->src\main\AndroidManifest.xml:16:9-19:40
40            android:name="com.example.dragonsuite.DragonService"
40-->src\main\AndroidManifest.xml:17:13-42
41            android:enabled="true"
41-->src\main\AndroidManifest.xml:18:13-35
42            android:exported="false" />
42-->src\main\AndroidManifest.xml:19:13-37
43        <service
43-->src\main\AndroidManifest.xml:21:9-27:19
44            android:name="com.example.dragonsuite.service.DragonFirebaseMessagingService"
44-->src\main\AndroidManifest.xml:22:13-67
45            android:exported="false" >
45-->src\main\AndroidManifest.xml:23:13-37
46            <intent-filter>
46-->src\main\AndroidManifest.xml:24:13-26:29
47                <action android:name="com.google.firebase.MESSAGING_EVENT" />
47-->src\main\AndroidManifest.xml:25:17-78
47-->src\main\AndroidManifest.xml:25:25-75
48            </intent-filter>
49        </service>
50
51        <activity
51-->src\main\AndroidManifest.xml:29:9-36:20
52            android:name="com.example.dragonsuite.MainActivity"
52-->src\main\AndroidManifest.xml:30:13-41
53            android:exported="true" >
53-->src\main\AndroidManifest.xml:31:13-36
54            <intent-filter>
54-->src\main\AndroidManifest.xml:32:13-35:29
55                <action android:name="android.intent.action.MAIN" />
55-->src\main\AndroidManifest.xml:33:17-69
55-->src\main\AndroidManifest.xml:33:25-66
56
57                <category android:name="android.intent.category.LAUNCHER" />
57-->src\main\AndroidManifest.xml:34:17-77
57-->src\main\AndroidManifest.xml:34:27-74
58            </intent-filter>
59        </activity>
60        <activity
60-->src\main\AndroidManifest.xml:38:9-45:20
61            android:name="com.example.dragonsuite.TestActivity"
61-->src\main\AndroidManifest.xml:39:13-41
62            android:exported="true"
62-->src\main\AndroidManifest.xml:40:13-36
63            android:label="Dragon Suite Connection Test" >
63-->src\main\AndroidManifest.xml:41:13-57
64            <intent-filter>
64-->src\main\AndroidManifest.xml:42:13-44:29
65                <action android:name="android.intent.action.MAIN" />
65-->src\main\AndroidManifest.xml:33:17-69
65-->src\main\AndroidManifest.xml:33:25-66
66            </intent-filter>
67        </activity>
68
69        <meta-data
69-->src\main\AndroidManifest.xml:47:9-49:67
70            android:name="com.google.firebase.messaging.default_notification_icon"
70-->src\main\AndroidManifest.xml:48:13-83
71            android:resource="@android:drawable/ic_dialog_info" />
71-->src\main\AndroidManifest.xml:49:13-64
72        <meta-data
72-->src\main\AndroidManifest.xml:50:9-52:64
73            android:name="com.google.firebase.messaging.default_notification_color"
73-->src\main\AndroidManifest.xml:51:13-84
74            android:resource="@android:color/holo_blue_dark" />
74-->src\main\AndroidManifest.xml:52:13-61
75
76        <provider
76-->[androidx.emoji2:emoji2:1.2.0] AndroidManifest.xml:24:9-32:20
77            android:name="androidx.startup.InitializationProvider"
77-->[androidx.emoji2:emoji2:1.2.0] AndroidManifest.xml:25:13-67
78            android:authorities="com.example.dragonsuite.androidx-startup"
78-->[androidx.emoji2:emoji2:1.2.0] AndroidManifest.xml:26:13-68
79            android:exported="false" >
79-->[androidx.emoji2:emoji2:1.2.0] AndroidManifest.xml:27:13-37
80            <meta-data
80-->[androidx.emoji2:emoji2:1.2.0] AndroidManifest.xml:29:13-31:52
81                android:name="androidx.emoji2.text.EmojiCompatInitializer"
81-->[androidx.emoji2:emoji2:1.2.0] AndroidManifest.xml:30:17-75
82                android:value="androidx.startup" />
82-->[androidx.emoji2:emoji2:1.2.0] AndroidManifest.xml:31:17-49
83            <meta-data
83-->[androidx.work:work-runtime:2.9.0] AndroidManifest.xml:34:13-36:52
84                android:name="androidx.work.WorkManagerInitializer"
84-->[androidx.work:work-runtime:2.9.0] AndroidManifest.xml:35:17-68
85                android:value="androidx.startup" />
85-->[androidx.work:work-runtime:2.9.0] AndroidManifest.xml:36:17-49
86            <meta-data
86-->[androidx.lifecycle:lifecycle-process:2.7.0] AndroidManifest.xml:29:13-31:52
87                android:name="androidx.lifecycle.ProcessLifecycleInitializer"
87-->[androidx.lifecycle:lifecycle-process:2.7.0] AndroidManifest.xml:30:17-78
88                android:value="androidx.startup" />
88-->[androidx.lifecycle:lifecycle-process:2.7.0] AndroidManifest.xml:31:17-49
89            <meta-data
89-->[androidx.profileinstaller:profileinstaller:1.3.0] AndroidManifest.xml:29:13-31:52
90                android:name="androidx.profileinstaller.ProfileInstallerInitializer"
90-->[androidx.profileinstaller:profileinstaller:1.3.0] AndroidManifest.xml:30:17-85
91                android:value="androidx.startup" />
91-->[androidx.profileinstaller:profileinstaller:1.3.0] AndroidManifest.xml:31:17-49
92        </provider>
93
94        <receiver
94-->[com.google.firebase:firebase-messaging:23.4.0] AndroidManifest.xml:29:9-40:20
95            android:name="com.google.firebase.iid.FirebaseInstanceIdReceiver"
95-->[com.google.firebase:firebase-messaging:23.4.0] AndroidManifest.xml:30:13-78
96            android:exported="true"
96-->[com.google.firebase:firebase-messaging:23.4.0] AndroidManifest.xml:31:13-36
97            android:permission="com.google.android.c2dm.permission.SEND" >
97-->[com.google.firebase:firebase-messaging:23.4.0] AndroidManifest.xml:32:13-73
98            <intent-filter>
98-->[com.google.firebase:firebase-messaging:23.4.0] AndroidManifest.xml:33:13-35:29
99                <action android:name="com.google.android.c2dm.intent.RECEIVE" />
99-->[com.google.firebase:firebase-messaging:23.4.0] AndroidManifest.xml:34:17-81
99-->[com.google.firebase:firebase-messaging:23.4.0] AndroidManifest.xml:34:25-78
100            </intent-filter>
101
102            <meta-data
102-->[com.google.firebase:firebase-messaging:23.4.0] AndroidManifest.xml:37:13-39:40
103                android:name="com.google.android.gms.cloudmessaging.FINISHED_AFTER_HANDLED"
103-->[com.google.firebase:firebase-messaging:23.4.0] AndroidManifest.xml:38:17-92
104                android:value="true" />
104-->[com.google.firebase:firebase-messaging:23.4.0] AndroidManifest.xml:39:17-37
105        </receiver>
106        <!--
107             FirebaseMessagingService performs security checks at runtime,
108             but set to not exported to explicitly avoid allowing another app to call it.
109        -->
110        <service
110-->[com.google.firebase:firebase-messaging:23.4.0] AndroidManifest.xml:46:9-53:19
111            android:name="com.google.firebase.messaging.FirebaseMessagingService"
111-->[com.google.firebase:firebase-messaging:23.4.0] AndroidManifest.xml:47:13-82
112            android:directBootAware="true"
112-->[com.google.firebase:firebase-messaging:23.4.0] AndroidManifest.xml:48:13-43
113            android:exported="false" >
113-->[com.google.firebase:firebase-messaging:23.4.0] AndroidManifest.xml:49:13-37
114            <intent-filter android:priority="-500" >
114-->src\main\AndroidManifest.xml:24:13-26:29
115                <action android:name="com.google.firebase.MESSAGING_EVENT" />
115-->src\main\AndroidManifest.xml:25:17-78
115-->src\main\AndroidManifest.xml:25:25-75
116            </intent-filter>
117        </service>
118        <service
118-->[com.google.firebase:firebase-messaging:23.4.0] AndroidManifest.xml:54:9-63:19
119            android:name="com.google.firebase.components.ComponentDiscoveryService"
119-->[com.google.firebase:firebase-messaging:23.4.0] AndroidManifest.xml:55:13-84
120            android:directBootAware="true"
120-->[com.google.firebase:firebase-common:20.4.2] AndroidManifest.xml:32:13-43
121            android:exported="false" >
121-->[com.google.firebase:firebase-messaging:23.4.0] AndroidManifest.xml:56:13-37
122            <meta-data
122-->[com.google.firebase:firebase-messaging:23.4.0] AndroidManifest.xml:57:13-59:85
123                android:name="com.google.firebase.components:com.google.firebase.messaging.FirebaseMessagingKtxRegistrar"
123-->[com.google.firebase:firebase-messaging:23.4.0] AndroidManifest.xml:58:17-122
124                android:value="com.google.firebase.components.ComponentRegistrar" />
124-->[com.google.firebase:firebase-messaging:23.4.0] AndroidManifest.xml:59:17-82
125            <meta-data
125-->[com.google.firebase:firebase-messaging:23.4.0] AndroidManifest.xml:60:13-62:85
126                android:name="com.google.firebase.components:com.google.firebase.messaging.FirebaseMessagingRegistrar"
126-->[com.google.firebase:firebase-messaging:23.4.0] AndroidManifest.xml:61:17-119
127                android:value="com.google.firebase.components.ComponentRegistrar" />
127-->[com.google.firebase:firebase-messaging:23.4.0] AndroidManifest.xml:62:17-82
128            <meta-data
128-->[com.google.android.gms:play-services-measurement-api:21.5.0] AndroidManifest.xml:37:13-39:85
129                android:name="com.google.firebase.components:com.google.firebase.analytics.connector.internal.AnalyticsConnectorRegistrar"
129-->[com.google.android.gms:play-services-measurement-api:21.5.0] AndroidManifest.xml:38:17-139
130                android:value="com.google.firebase.components.ComponentRegistrar" />
130-->[com.google.android.gms:play-services-measurement-api:21.5.0] AndroidManifest.xml:39:17-82
131            <meta-data
131-->[com.google.firebase:firebase-installations:17.2.0] AndroidManifest.xml:15:13-17:85
132                android:name="com.google.firebase.components:com.google.firebase.installations.FirebaseInstallationsKtxRegistrar"
132-->[com.google.firebase:firebase-installations:17.2.0] AndroidManifest.xml:16:17-130
133                android:value="com.google.firebase.components.ComponentRegistrar" />
133-->[com.google.firebase:firebase-installations:17.2.0] AndroidManifest.xml:17:17-82
134            <meta-data
134-->[com.google.firebase:firebase-installations:17.2.0] AndroidManifest.xml:18:13-20:85
135                android:name="com.google.firebase.components:com.google.firebase.installations.FirebaseInstallationsRegistrar"
135-->[com.google.firebase:firebase-installations:17.2.0] AndroidManifest.xml:19:17-127
136                android:value="com.google.firebase.components.ComponentRegistrar" />
136-->[com.google.firebase:firebase-installations:17.2.0] AndroidManifest.xml:20:17-82
137            <meta-data
137-->[com.google.firebase:firebase-common-ktx:20.4.2] AndroidManifest.xml:12:13-14:85
138                android:name="com.google.firebase.components:com.google.firebase.ktx.FirebaseCommonLegacyRegistrar"
138-->[com.google.firebase:firebase-common-ktx:20.4.2] AndroidManifest.xml:13:17-116
139                android:value="com.google.firebase.components.ComponentRegistrar" />
139-->[com.google.firebase:firebase-common-ktx:20.4.2] AndroidManifest.xml:14:17-82
140            <meta-data
140-->[com.google.firebase:firebase-common:20.4.2] AndroidManifest.xml:35:13-37:85
141                android:name="com.google.firebase.components:com.google.firebase.FirebaseCommonKtxRegistrar"
141-->[com.google.firebase:firebase-common:20.4.2] AndroidManifest.xml:36:17-109
142                android:value="com.google.firebase.components.ComponentRegistrar" />
142-->[com.google.firebase:firebase-common:20.4.2] AndroidManifest.xml:37:17-82
143            <meta-data
143-->[com.google.firebase:firebase-datatransport:18.1.7] AndroidManifest.xml:27:13-29:85
144                android:name="com.google.firebase.components:com.google.firebase.datatransport.TransportRegistrar"
144-->[com.google.firebase:firebase-datatransport:18.1.7] AndroidManifest.xml:28:17-115
145                android:value="com.google.firebase.components.ComponentRegistrar" />
145-->[com.google.firebase:firebase-datatransport:18.1.7] AndroidManifest.xml:29:17-82
146        </service>
147
148        <receiver
148-->[com.google.android.gms:play-services-measurement:21.5.0] AndroidManifest.xml:29:9-33:20
149            android:name="com.google.android.gms.measurement.AppMeasurementReceiver"
149-->[com.google.android.gms:play-services-measurement:21.5.0] AndroidManifest.xml:30:13-85
150            android:enabled="true"
150-->[com.google.android.gms:play-services-measurement:21.5.0] AndroidManifest.xml:31:13-35
151            android:exported="false" >
151-->[com.google.android.gms:play-services-measurement:21.5.0] AndroidManifest.xml:32:13-37
152        </receiver>
153
154        <service
154-->[com.google.android.gms:play-services-measurement:21.5.0] AndroidManifest.xml:35:9-38:40
155            android:name="com.google.android.gms.measurement.AppMeasurementService"
155-->[com.google.android.gms:play-services-measurement:21.5.0] AndroidManifest.xml:36:13-84
156            android:enabled="true"
156-->[com.google.android.gms:play-services-measurement:21.5.0] AndroidManifest.xml:37:13-35
157            android:exported="false" />
157-->[com.google.android.gms:play-services-measurement:21.5.0] AndroidManifest.xml:38:13-37
158        <service
158-->[com.google.android.gms:play-services-measurement:21.5.0] AndroidManifest.xml:39:9-43:72
159            android:name="com.google.android.gms.measurement.AppMeasurementJobService"
159-->[com.google.android.gms:play-services-measurement:21.5.0] AndroidManifest.xml:40:13-87
160            android:enabled="true"
160-->[com.google.android.gms:play-services-measurement:21.5.0] AndroidManifest.xml:41:13-35
161            android:exported="false"
161-->[com.google.android.gms:play-services-measurement:21.5.0] AndroidManifest.xml:42:13-37
162            android:permission="android.permission.BIND_JOB_SERVICE" />
162-->[com.google.android.gms:play-services-measurement:21.5.0] AndroidManifest.xml:43:13-69
163
164        <property
164-->[com.google.android.gms:play-services-measurement-api:21.5.0] AndroidManifest.xml:30:9-32:61
165            android:name="android.adservices.AD_SERVICES_CONFIG"
165-->[com.google.android.gms:play-services-measurement-api:21.5.0] AndroidManifest.xml:31:13-65
166            android:resource="@xml/ga_ad_services_config" />
166-->[com.google.android.gms:play-services-measurement-api:21.5.0] AndroidManifest.xml:32:13-58
167
168        <activity
168-->[com.google.android.gms:play-services-base:18.0.1] AndroidManifest.xml:20:9-22:45
169            android:name="com.google.android.gms.common.api.GoogleApiActivity"
169-->[com.google.android.gms:play-services-base:18.0.1] AndroidManifest.xml:20:19-85
170            android:exported="false"
170-->[com.google.android.gms:play-services-base:18.0.1] AndroidManifest.xml:22:19-43
171            android:theme="@android:style/Theme.Translucent.NoTitleBar" />
171-->[com.google.android.gms:play-services-base:18.0.1] AndroidManifest.xml:21:19-78
172
173        <provider
173-->[com.google.firebase:firebase-common:20.4.2] AndroidManifest.xml:23:9-28:39
174            android:name="com.google.firebase.provider.FirebaseInitProvider"
174-->[com.google.firebase:firebase-common:20.4.2] AndroidManifest.xml:24:13-77
175            android:authorities="com.example.dragonsuite.firebaseinitprovider"
175-->[com.google.firebase:firebase-common:20.4.2] AndroidManifest.xml:25:13-72
176            android:directBootAware="true"
176-->[com.google.firebase:firebase-common:20.4.2] AndroidManifest.xml:26:13-43
177            android:exported="false"
177-->[com.google.firebase:firebase-common:20.4.2] AndroidManifest.xml:27:13-37
178            android:initOrder="100" />
178-->[com.google.firebase:firebase-common:20.4.2] AndroidManifest.xml:28:13-36
179
180        <service
180-->[androidx.room:room-runtime:2.6.1] AndroidManifest.xml:24:9-28:63
181            android:name="androidx.room.MultiInstanceInvalidationService"
181-->[androidx.room:room-runtime:2.6.1] AndroidManifest.xml:25:13-74
182            android:directBootAware="true"
182-->[androidx.room:room-runtime:2.6.1] AndroidManifest.xml:26:13-43
183            android:exported="false" />
183-->[androidx.room:room-runtime:2.6.1] AndroidManifest.xml:27:13-37
184        <service
184-->[androidx.work:work-runtime:2.9.0] AndroidManifest.xml:39:9-45:35
185            android:name="androidx.work.impl.background.systemalarm.SystemAlarmService"
185-->[androidx.work:work-runtime:2.9.0] AndroidManifest.xml:40:13-88
186            android:directBootAware="false"
186-->[androidx.work:work-runtime:2.9.0] AndroidManifest.xml:41:13-44
187            android:enabled="@bool/enable_system_alarm_service_default"
187-->[androidx.work:work-runtime:2.9.0] AndroidManifest.xml:42:13-72
188            android:exported="false" />
188-->[androidx.work:work-runtime:2.9.0] AndroidManifest.xml:43:13-37
189        <service
189-->[androidx.work:work-runtime:2.9.0] AndroidManifest.xml:46:9-52:35
190            android:name="androidx.work.impl.background.systemjob.SystemJobService"
190-->[androidx.work:work-runtime:2.9.0] AndroidManifest.xml:47:13-84
191            android:directBootAware="false"
191-->[androidx.work:work-runtime:2.9.0] AndroidManifest.xml:48:13-44
192            android:enabled="@bool/enable_system_job_service_default"
192-->[androidx.work:work-runtime:2.9.0] AndroidManifest.xml:49:13-70
193            android:exported="true"
193-->[androidx.work:work-runtime:2.9.0] AndroidManifest.xml:50:13-36
194            android:permission="android.permission.BIND_JOB_SERVICE" />
194-->[androidx.work:work-runtime:2.9.0] AndroidManifest.xml:51:13-69
195        <service
195-->[androidx.work:work-runtime:2.9.0] AndroidManifest.xml:53:9-59:35
196            android:name="androidx.work.impl.foreground.SystemForegroundService"
196-->[androidx.work:work-runtime:2.9.0] AndroidManifest.xml:54:13-81
197            android:directBootAware="false"
197-->[androidx.work:work-runtime:2.9.0] AndroidManifest.xml:55:13-44
198            android:enabled="@bool/enable_system_foreground_service_default"
198-->[androidx.work:work-runtime:2.9.0] AndroidManifest.xml:56:13-77
199            android:exported="false" />
199-->[androidx.work:work-runtime:2.9.0] AndroidManifest.xml:57:13-37
200
201        <receiver
201-->[androidx.work:work-runtime:2.9.0] AndroidManifest.xml:61:9-66:35
202            android:name="androidx.work.impl.utils.ForceStopRunnable$BroadcastReceiver"
202-->[androidx.work:work-runtime:2.9.0] AndroidManifest.xml:62:13-88
203            android:directBootAware="false"
203-->[androidx.work:work-runtime:2.9.0] AndroidManifest.xml:63:13-44
204            android:enabled="true"
204-->[androidx.work:work-runtime:2.9.0] AndroidManifest.xml:64:13-35
205            android:exported="false" />
205-->[androidx.work:work-runtime:2.9.0] AndroidManifest.xml:65:13-37
206        <receiver
206-->[androidx.work:work-runtime:2.9.0] AndroidManifest.xml:67:9-77:20
207            android:name="androidx.work.impl.background.systemalarm.ConstraintProxy$BatteryChargingProxy"
207-->[androidx.work:work-runtime:2.9.0] AndroidManifest.xml:68:13-106
208            android:directBootAware="false"
208-->[androidx.work:work-runtime:2.9.0] AndroidManifest.xml:69:13-44
209            android:enabled="false"
209-->[androidx.work:work-runtime:2.9.0] AndroidManifest.xml:70:13-36
210            android:exported="false" >
210-->[androidx.work:work-runtime:2.9.0] AndroidManifest.xml:71:13-37
211            <intent-filter>
211-->[androidx.work:work-runtime:2.9.0] AndroidManifest.xml:73:13-76:29
212                <action android:name="android.intent.action.ACTION_POWER_CONNECTED" />
212-->[androidx.work:work-runtime:2.9.0] AndroidManifest.xml:74:17-87
212-->[androidx.work:work-runtime:2.9.0] AndroidManifest.xml:74:25-84
213                <action android:name="android.intent.action.ACTION_POWER_DISCONNECTED" />
213-->[androidx.work:work-runtime:2.9.0] AndroidManifest.xml:75:17-90
213-->[androidx.work:work-runtime:2.9.0] AndroidManifest.xml:75:25-87
214            </intent-filter>
215        </receiver>
216        <receiver
216-->[androidx.work:work-runtime:2.9.0] AndroidManifest.xml:78:9-88:20
217            android:name="androidx.work.impl.background.systemalarm.ConstraintProxy$BatteryNotLowProxy"
217-->[androidx.work:work-runtime:2.9.0] AndroidManifest.xml:79:13-104
218            android:directBootAware="false"
218-->[androidx.work:work-runtime:2.9.0] AndroidManifest.xml:80:13-44
219            android:enabled="false"
219-->[androidx.work:work-runtime:2.9.0] AndroidManifest.xml:81:13-36
220            android:exported="false" >
220-->[androidx.work:work-runtime:2.9.0] AndroidManifest.xml:82:13-37
221            <intent-filter>
221-->[androidx.work:work-runtime:2.9.0] AndroidManifest.xml:84:13-87:29
222                <action android:name="android.intent.action.BATTERY_OKAY" />
222-->[androidx.work:work-runtime:2.9.0] AndroidManifest.xml:85:17-77
222-->[androidx.work:work-runtime:2.9.0] AndroidManifest.xml:85:25-74
223                <action android:name="android.intent.action.BATTERY_LOW" />
223-->[androidx.work:work-runtime:2.9.0] AndroidManifest.xml:86:17-76
223-->[androidx.work:work-runtime:2.9.0] AndroidManifest.xml:86:25-73
224            </intent-filter>
225        </receiver>
226        <receiver
226-->[androidx.work:work-runtime:2.9.0] AndroidManifest.xml:89:9-99:20
227            android:name="androidx.work.impl.background.systemalarm.ConstraintProxy$StorageNotLowProxy"
227-->[androidx.work:work-runtime:2.9.0] AndroidManifest.xml:90:13-104
228            android:directBootAware="false"
228-->[androidx.work:work-runtime:2.9.0] AndroidManifest.xml:91:13-44
229            android:enabled="false"
229-->[androidx.work:work-runtime:2.9.0] AndroidManifest.xml:92:13-36
230            android:exported="false" >
230-->[androidx.work:work-runtime:2.9.0] AndroidManifest.xml:93:13-37
231            <intent-filter>
231-->[androidx.work:work-runtime:2.9.0] AndroidManifest.xml:95:13-98:29
232                <action android:name="android.intent.action.DEVICE_STORAGE_LOW" />
232-->[androidx.work:work-runtime:2.9.0] AndroidManifest.xml:96:17-83
232-->[androidx.work:work-runtime:2.9.0] AndroidManifest.xml:96:25-80
233                <action android:name="android.intent.action.DEVICE_STORAGE_OK" />
233-->[androidx.work:work-runtime:2.9.0] AndroidManifest.xml:97:17-82
233-->[androidx.work:work-runtime:2.9.0] AndroidManifest.xml:97:25-79
234            </intent-filter>
235        </receiver>
236        <receiver
236-->[androidx.work:work-runtime:2.9.0] AndroidManifest.xml:100:9-109:20
237            android:name="androidx.work.impl.background.systemalarm.ConstraintProxy$NetworkStateProxy"
237-->[androidx.work:work-runtime:2.9.0] AndroidManifest.xml:101:13-103
238            android:directBootAware="false"
238-->[androidx.work:work-runtime:2.9.0] AndroidManifest.xml:102:13-44
239            android:enabled="false"
239-->[androidx.work:work-runtime:2.9.0] AndroidManifest.xml:103:13-36
240            android:exported="false" >
240-->[androidx.work:work-runtime:2.9.0] AndroidManifest.xml:104:13-37
241            <intent-filter>
241-->[androidx.work:work-runtime:2.9.0] AndroidManifest.xml:106:13-108:29
242                <action android:name="android.net.conn.CONNECTIVITY_CHANGE" />
242-->[androidx.work:work-runtime:2.9.0] AndroidManifest.xml:107:17-79
242-->[androidx.work:work-runtime:2.9.0] AndroidManifest.xml:107:25-76
243            </intent-filter>
244        </receiver>
245        <receiver
245-->[androidx.work:work-runtime:2.9.0] AndroidManifest.xml:110:9-121:20
246            android:name="androidx.work.impl.background.systemalarm.RescheduleReceiver"
246-->[androidx.work:work-runtime:2.9.0] AndroidManifest.xml:111:13-88
247            android:directBootAware="false"
247-->[androidx.work:work-runtime:2.9.0] AndroidManifest.xml:112:13-44
248            android:enabled="false"
248-->[androidx.work:work-runtime:2.9.0] AndroidManifest.xml:113:13-36
249            android:exported="false" >
249-->[androidx.work:work-runtime:2.9.0] AndroidManifest.xml:114:13-37
250            <intent-filter>
250-->[androidx.work:work-runtime:2.9.0] AndroidManifest.xml:116:13-120:29
251                <action android:name="android.intent.action.BOOT_COMPLETED" />
251-->[androidx.work:work-runtime:2.9.0] AndroidManifest.xml:117:17-79
251-->[androidx.work:work-runtime:2.9.0] AndroidManifest.xml:117:25-76
252                <action android:name="android.intent.action.TIME_SET" />
252-->[androidx.work:work-runtime:2.9.0] AndroidManifest.xml:118:17-73
252-->[androidx.work:work-runtime:2.9.0] AndroidManifest.xml:118:25-70
253                <action android:name="android.intent.action.TIMEZONE_CHANGED" />
253-->[androidx.work:work-runtime:2.9.0] AndroidManifest.xml:119:17-81
253-->[androidx.work:work-runtime:2.9.0] AndroidManifest.xml:119:25-78
254            </intent-filter>
255        </receiver>
256        <receiver
256-->[androidx.work:work-runtime:2.9.0] AndroidManifest.xml:122:9-131:20
257            android:name="androidx.work.impl.background.systemalarm.ConstraintProxyUpdateReceiver"
257-->[androidx.work:work-runtime:2.9.0] AndroidManifest.xml:123:13-99
258            android:directBootAware="false"
258-->[androidx.work:work-runtime:2.9.0] AndroidManifest.xml:124:13-44
259            android:enabled="@bool/enable_system_alarm_service_default"
259-->[androidx.work:work-runtime:2.9.0] AndroidManifest.xml:125:13-72
260            android:exported="false" >
260-->[androidx.work:work-runtime:2.9.0] AndroidManifest.xml:126:13-37
261            <intent-filter>